<?xml version="1.0" encoding="UTF-8"?>
<!-- Generated by org.testng.reporters.JUnitReportReporter -->
<testsuite hostname="WL-C14D034" failures="0" tests="3" name="Com.naukari.Naukari.com.UpdateProfile" time="12.931" errors="0" timestamp="2025-03-23T12:15:55 IST" skipped="0">
  <testcase classname="Com.naukari.Naukari.com.UpdateProfile" name="Login_naukariCom" time="7.287"/>
  <system-out>
Login to Naukari.com is sucessfull.  </system-out>
  <testcase classname="Com.naukari.Naukari.com.UpdateProfile" name="updateHeadline_in_Profile" time="4.323"/>
  <system-out>
Update headline of profile Naukari.com is sucessfull.  </system-out>
  <testcase classname="Com.naukari.Naukari.com.UpdateProfile" name="LogoutFromNaukari" time="1.321"/>
  <system-out>
Logout from Naukari.com is sucessfull.  </system-out>
</testsuite> <!-- Com.naukari.Naukari.com.UpdateProfile -->
