<?xml version="1.0" encoding="UTF-8"?>
<!-- Generated by org.testng.reporters.JUnitReportReporter -->
<testsuite hostname="DTP-SDE47-IND" failures="0" tests="3" name="Com.naukari.Naukari.com.UpdateProfile" time="6.797" errors="0" timestamp="2024-07-28T21:11:32 IST" skipped="0">
  <testcase classname="Com.naukari.Naukari.com.UpdateProfile" name="Login_naukariCom" time="2.569"/>
  <system-out>
Login to Naukari.com is sucessfull.  </system-out>
  <testcase classname="Com.naukari.Naukari.com.UpdateProfile" name="updateHeadline_in_Profile" time="3.220"/>
  <system-out>
Update headline of profile Naukari.com is sucessfull.  </system-out>
  <testcase classname="Com.naukari.Naukari.com.UpdateProfile" name="LogoutFromNaukari" time="1.008"/>
  <system-out>
Logout from Naukari.com is sucessfull.  </system-out>
</testsuite> <!-- Com.naukari.Naukari.com.UpdateProfile -->
